cpu-bind=MASK - gpu20-1.drl, task  0  0 [990841]: mask 0x1 set
Sat May 11 12:33:17 AM EDT 2024
Running my job on gpu20-1.drl
Defaulting to user installation because normal site-packages is not writeable
Collecting deeplake
  Downloading deeplake-3.9.5.tar.gz (590 kB)
     ━━━━━━━━━━━━━━━━━━━━━━━━━━━━━━━━━━━━━━━ 590.4/590.4 KB 9.1 MB/s eta 0:00:00
  Installing build dependencies: started
  Installing build dependencies: finished with status 'done'
  Getting requirements to build wheel: started
  Getting requirements to build wheel: finished with status 'done'
  Preparing metadata (pyproject.toml): started
  Preparing metadata (pyproject.toml): finished with status 'done'
Collecting lz4
  Downloading lz4-4.3.3-cp310-cp310-manylinux_2_17_x86_64.manylinux2014_x86_64.whl (1.3 MB)
     ━━━━━━━━━━━━━━━━━━━━━━━━━━━━━━━━━━━━━━━━ 1.3/1.3 MB 17.3 MB/s eta 0:00:00
Collecting boto3
  Downloading boto3-1.34.103-py3-none-any.whl (139 kB)
     ━━━━━━━━━━━━━━━━━━━━━━━━━━━━━━━━━━━━━━ 139.3/139.3 KB 30.0 MB/s eta 0:00:00
Collecting numpy
  Downloading numpy-1.26.4-cp310-cp310-manylinux_2_17_x86_64.manylinux2014_x86_64.whl (18.2 MB)
     ━━━━━━━━━━━━━━━━━━━━━━━━━━━━━━━━━━━━━━━━ 18.2/18.2 MB 68.8 MB/s eta 0:00:00
Collecting libdeeplake==0.0.128
  Downloading libdeeplake-0.0.128-cp310-cp310-manylinux_2_28_x86_64.whl (16.3 MB)
     ━━━━━━━━━━━━━━━━━━━━━━━━━━━━━━━━━━━━━━━━ 16.3/16.3 MB 88.2 MB/s eta 0:00:00
Collecting aioboto3>=10.4.0
  Downloading aioboto3-12.4.0-py3-none-any.whl (32 kB)
Collecting tqdm
  Downloading tqdm-4.66.4-py3-none-any.whl (78 kB)
     ━━━━━━━━━━━━━━━━━━━━━━━━━━━━━━━━━━━━━━━━ 78.3/78.3 KB 35.5 MB/s eta 0:00:00
Requirement already satisfied: click in /usr/lib/python3/dist-packages (from deeplake) (8.0.3)
Collecting pillow~=10.2.0
  Downloading pillow-10.2.0-cp310-cp310-manylinux_2_28_x86_64.whl (4.5 MB)
     ━━━━━━━━━━━━━━━━━━━━━━━━━━━━━━━━━━━━━━━━ 4.5/4.5 MB 117.5 MB/s eta 0:00:00
Collecting nest-asyncio
  Downloading nest_asyncio-1.6.0-py3-none-any.whl (5.2 kB)
Requirement already satisfied: pyjwt in /usr/lib/python3/dist-packages (from deeplake) (2.3.0)
Collecting humbug>=0.3.1
  Downloading humbug-0.3.2-py3-none-any.whl (15 kB)
Collecting pathos
  Downloading pathos-0.3.2-py3-none-any.whl (82 kB)
     ━━━━━━━━━━━━━━━━━━━━━━━━━━━━━━━━━━━━━━━━ 82.1/82.1 KB 35.6 MB/s eta 0:00:00
Collecting pydantic
  Downloading pydantic-2.7.1-py3-none-any.whl (409 kB)
     ━━━━━━━━━━━━━━━━━━━━━━━━━━━━━━━━━━━━━━ 409.3/409.3 KB 95.0 MB/s eta 0:00:00
Collecting dill
  Downloading dill-0.3.8-py3-none-any.whl (116 kB)
     ━━━━━━━━━━━━━━━━━━━━━━━━━━━━━━━━━━━━━━ 116.3/116.3 KB 54.6 MB/s eta 0:00:00
Collecting aiobotocore[boto3]==2.12.3
  Downloading aiobotocore-2.12.3-py3-none-any.whl (76 kB)
     ━━━━━━━━━━━━━━━━━━━━━━━━━━━━━━━━━━━━━━━━ 76.5/76.5 KB 44.3 MB/s eta 0:00:00
Collecting aiohttp<4.0.0,>=3.7.4.post0
  Downloading aiohttp-3.9.5-cp310-cp310-manylinux_2_17_x86_64.manylinux2014_x86_64.whl (1.2 MB)
     ━━━━━━━━━━━━━━━━━━━━━━━━━━━━━━━━━━━━━━━━ 1.2/1.2 MB 151.6 MB/s eta 0:00:00
Collecting wrapt<2.0.0,>=1.10.10
  Downloading wrapt-1.16.0-cp310-cp310-manylinux_2_5_x86_64.manylinux1_x86_64.manylinux_2_17_x86_64.manylinux2014_x86_64.whl (80 kB)
     ━━━━━━━━━━━━━━━━━━━━━━━━━━━━━━━━━━━━━━━━ 80.3/80.3 KB 48.2 MB/s eta 0:00:00
Collecting aioitertools<1.0.0,>=0.5.1
  Downloading aioitertools-0.11.0-py3-none-any.whl (23 kB)
Collecting botocore<1.34.70,>=1.34.41
  Downloading botocore-1.34.69-py3-none-any.whl (12.0 MB)
     ━━━━━━━━━━━━━━━━━━━━━━━━━━━━━━━━━━━━━━━ 12.0/12.0 MB 107.2 MB/s eta 0:00:00
Collecting boto3
  Downloading boto3-1.34.69-py3-none-any.whl (139 kB)
     ━━━━━━━━━━━━━━━━━━━━━━━━━━━━━━━━━━━━━━ 139.3/139.3 KB 58.4 MB/s eta 0:00:00
Collecting jmespath<2.0.0,>=0.7.1
  Downloading jmespath-1.0.1-py3-none-any.whl (20 kB)
Collecting s3transfer<0.11.0,>=0.10.0
  Downloading s3transfer-0.10.1-py3-none-any.whl (82 kB)
     ━━━━━━━━━━━━━━━━━━━━━━━━━━━━━━━━━━━━━━━━ 82.2/82.2 KB 36.5 MB/s eta 0:00:00
Collecting requests
  Downloading requests-2.31.0-py3-none-any.whl (62 kB)
     ━━━━━━━━━━━━━━━━━━━━━━━━━━━━━━━━━━━━━━━━ 62.6/62.6 KB 34.8 MB/s eta 0:00:00
Collecting pox>=0.3.4
  Downloading pox-0.3.4-py3-none-any.whl (29 kB)
Collecting ppft>=1.7.6.8
  Downloading ppft-1.7.6.8-py3-none-any.whl (56 kB)
     ━━━━━━━━━━━━━━━━━━━━━━━━━━━━━━━━━━━━━━━━ 56.8/56.8 KB 30.3 MB/s eta 0:00:00
Collecting multiprocess>=0.70.16
  Downloading multiprocess-0.70.16-py310-none-any.whl (134 kB)
     ━━━━━━━━━━━━━━━━━━━━━━━━━━━━━━━━━━━━━━ 134.8/134.8 KB 59.7 MB/s eta 0:00:00
Collecting typing-extensions>=4.6.1
  Downloading typing_extensions-4.11.0-py3-none-any.whl (34 kB)
Collecting pydantic-core==2.18.2
  Downloading pydantic_core-2.18.2-cp310-cp310-manylinux_2_17_x86_64.manylinux2014_x86_64.whl (2.1 MB)
     ━━━━━━━━━━━━━━━━━━━━━━━━━━━━━━━━━━━━━━━━ 2.1/2.1 MB 138.9 MB/s eta 0:00:00
Collecting annotated-types>=0.4.0
  Downloading annotated_types-0.6.0-py3-none-any.whl (12 kB)
Collecting python-dateutil<3.0.0,>=2.1
  Downloading python_dateutil-2.9.0.post0-py2.py3-none-any.whl (229 kB)
     ━━━━━━━━━━━━━━━━━━━━━━━━━━━━━━━━━━━━━━ 229.9/229.9 KB 89.3 MB/s eta 0:00:00
Collecting urllib3!=2.2.0,<3,>=1.25.4
  Downloading urllib3-2.2.1-py3-none-any.whl (121 kB)
     ━━━━━━━━━━━━━━━━━━━━━━━━━━━━━━━━━━━━━━ 121.1/121.1 KB 57.3 MB/s eta 0:00:00
Collecting charset-normalizer<4,>=2
  Downloading charset_normalizer-3.3.2-cp310-cp310-manylinux_2_17_x86_64.manylinux2014_x86_64.whl (142 kB)
     ━━━━━━━━━━━━━━━━━━━━━━━━━━━━━━━━━━━━━━ 142.1/142.1 KB 68.7 MB/s eta 0:00:00
Requirement already satisfied: idna<4,>=2.5 in /usr/lib/python3/dist-packages (from requests->humbug>=0.3.1->deeplake) (3.3)
Collecting certifi>=2017.4.17
  Downloading certifi-2024.2.2-py3-none-any.whl (163 kB)
     ━━━━━━━━━━━━━━━━━━━━━━━━━━━━━━━━━━━━━━ 163.8/163.8 KB 75.3 MB/s eta 0:00:00
Requirement already satisfied: attrs>=17.3.0 in /usr/lib/python3/dist-packages (from aiohttp<4.0.0,>=3.7.4.post0->aiobotocore[boto3]==2.12.3->aioboto3>=10.4.0->deeplake) (21.2.0)
Collecting async-timeout<5.0,>=4.0
  Downloading async_timeout-4.0.3-py3-none-any.whl (5.7 kB)
Collecting multidict<7.0,>=4.5
  Downloading multidict-6.0.5-cp310-cp310-manylinux_2_17_x86_64.manylinux2014_x86_64.whl (124 kB)
     ━━━━━━━━━━━━━━━━━━━━━━━━━━━━━━━━━━━━━━ 124.3/124.3 KB 64.8 MB/s eta 0:00:00
Collecting aiosignal>=1.1.2
  Downloading aiosignal-1.3.1-py3-none-any.whl (7.6 kB)
Collecting frozenlist>=1.1.1
  Downloading frozenlist-1.4.1-cp310-cp310-manylinux_2_5_x86_64.manylinux1_x86_64.manylinux_2_17_x86_64.manylinux2014_x86_64.whl (239 kB)
     ━━━━━━━━━━━━━━━━━━━━━━━━━━━━━━━━━━━━━━ 239.5/239.5 KB 96.4 MB/s eta 0:00:00
Collecting yarl<2.0,>=1.0
  Downloading yarl-1.9.4-cp310-cp310-manylinux_2_17_x86_64.manylinux2014_x86_64.whl (301 kB)
     ━━━━━━━━━━━━━━━━━━━━━━━━━━━━━━━━━━━━━━ 301.6/301.6 KB 99.1 MB/s eta 0:00:00
Requirement already satisfied: six>=1.5 in /usr/lib/python3/dist-packages (from python-dateutil<3.0.0,>=2.1->botocore<1.34.70,>=1.34.41->aiobotocore[boto3]==2.12.3->aioboto3>=10.4.0->deeplake) (1.16.0)
Building wheels for collected packages: deeplake
  Building wheel for deeplake (pyproject.toml): started
  Building wheel for deeplake (pyproject.toml): finished with status 'done'
  Created wheel for deeplake: filename=deeplake-3.9.5-py3-none-any.whl size=712260 sha256=d46992b5e5d76d36d6ecaf98b10b0fd9cf14ee75e4ea873623d5577b149611af
  Stored in directory: /tmp/home/amini/.cache/pip/wheels/3f/6a/70/06791d24e5463408b297bb325e9f1dc26d4948334258dbee1d
Successfully built deeplake
Installing collected packages: wrapt, urllib3, typing-extensions, tqdm, python-dateutil, ppft, pox, pillow, numpy, nest-asyncio, multidict, lz4, jmespath, frozenlist, dill, charset-normalizer, certifi, async-timeout, annotated-types, aioitertools, yarl, requests, pydantic-core, multiprocess, libdeeplake, botocore, aiosignal, s3transfer, pydantic, pathos, humbug, aiohttp, boto3, aiobotocore, aioboto3, deeplake
  WARNING: The script tqdm is installed in '/tmp/home/amini/.local/bin' which is not on PATH.
  Consider adding this directory to PATH or, if you prefer to suppress this warning, use --no-warn-script-location.
  WARNING: The script f2py is installed in '/tmp/home/amini/.local/bin' which is not on PATH.
  Consider adding this directory to PATH or, if you prefer to suppress this warning, use --no-warn-script-location.
  WARNING: The script normalizer is installed in '/tmp/home/amini/.local/bin' which is not on PATH.
  Consider adding this directory to PATH or, if you prefer to suppress this warning, use --no-warn-script-location.
Successfully installed aioboto3-12.4.0 aiobotocore-2.12.3 aiohttp-3.9.5 aioitertools-0.11.0 aiosignal-1.3.1 annotated-types-0.6.0 async-timeout-4.0.3 boto3-1.34.69 botocore-1.34.69 certifi-2024.2.2 charset-normalizer-3.3.2 deeplake-3.9.5 dill-0.3.8 frozenlist-1.4.1 humbug-0.3.2 jmespath-1.0.1 libdeeplake-0.0.128 lz4-4.3.3 multidict-6.0.5 multiprocess-0.70.16 nest-asyncio-1.6.0 numpy-1.26.4 pathos-0.3.2 pillow-10.2.0 pox-0.3.4 ppft-1.7.6.8 pydantic-2.7.1 pydantic-core-2.18.2 python-dateutil-2.9.0.post0 requests-2.31.0 s3transfer-0.10.1 tqdm-4.66.4 typing-extensions-4.11.0 urllib3-2.2.1 wrapt-1.16.0 yarl-1.9.4
Traceback (most recent call last):
  File "/data/scratch/amini/sadhana/2024/crypto-final-project/src/data_generation.py", line 2, in <module>
    import torch
ModuleNotFoundError: No module named 'torch'
