cpu-bind=MASK - gpu20-1.drl, task  0  0 [994837]: mask 0x1 set
Sat May 11 12:34:58 AM EDT 2024
Running my job on gpu20-1.drl
Defaulting to user installation because normal site-packages is not writeable
Requirement already satisfied: deeplake in /tmp/home/amini/.local/lib/python3.10/site-packages (3.9.5)
Requirement already satisfied: boto3 in /tmp/home/amini/.local/lib/python3.10/site-packages (from deeplake) (1.34.69)
Requirement already satisfied: click in /usr/lib/python3/dist-packages (from deeplake) (8.0.3)
Requirement already satisfied: numpy in /tmp/home/amini/.local/lib/python3.10/site-packages (from deeplake) (1.26.4)
Requirement already satisfied: pathos in /tmp/home/amini/.local/lib/python3.10/site-packages (from deeplake) (0.3.2)
Requirement already satisfied: tqdm in /tmp/home/amini/.local/lib/python3.10/site-packages (from deeplake) (4.66.4)
Requirement already satisfied: nest-asyncio in /tmp/home/amini/.local/lib/python3.10/site-packages (from deeplake) (1.6.0)
Requirement already satisfied: libdeeplake==0.0.128 in /tmp/home/amini/.local/lib/python3.10/site-packages (from deeplake) (0.0.128)
Requirement already satisfied: humbug>=0.3.1 in /tmp/home/amini/.local/lib/python3.10/site-packages (from deeplake) (0.3.2)
Requirement already satisfied: aioboto3>=10.4.0 in /tmp/home/amini/.local/lib/python3.10/site-packages (from deeplake) (12.4.0)
Requirement already satisfied: pillow~=10.2.0 in /tmp/home/amini/.local/lib/python3.10/site-packages (from deeplake) (10.2.0)
Requirement already satisfied: pydantic in /tmp/home/amini/.local/lib/python3.10/site-packages (from deeplake) (2.7.1)
Requirement already satisfied: pyjwt in /usr/lib/python3/dist-packages (from deeplake) (2.3.0)
Requirement already satisfied: lz4 in /tmp/home/amini/.local/lib/python3.10/site-packages (from deeplake) (4.3.3)
Requirement already satisfied: dill in /tmp/home/amini/.local/lib/python3.10/site-packages (from libdeeplake==0.0.128->deeplake) (0.3.8)
Requirement already satisfied: aiobotocore[boto3]==2.12.3 in /tmp/home/amini/.local/lib/python3.10/site-packages (from aioboto3>=10.4.0->deeplake) (2.12.3)
Requirement already satisfied: aioitertools<1.0.0,>=0.5.1 in /tmp/home/amini/.local/lib/python3.10/site-packages (from aiobotocore[boto3]==2.12.3->aioboto3>=10.4.0->deeplake) (0.11.0)
Requirement already satisfied: aiohttp<4.0.0,>=3.7.4.post0 in /tmp/home/amini/.local/lib/python3.10/site-packages (from aiobotocore[boto3]==2.12.3->aioboto3>=10.4.0->deeplake) (3.9.5)
Requirement already satisfied: botocore<1.34.70,>=1.34.41 in /tmp/home/amini/.local/lib/python3.10/site-packages (from aiobotocore[boto3]==2.12.3->aioboto3>=10.4.0->deeplake) (1.34.69)
Requirement already satisfied: wrapt<2.0.0,>=1.10.10 in /tmp/home/amini/.local/lib/python3.10/site-packages (from aiobotocore[boto3]==2.12.3->aioboto3>=10.4.0->deeplake) (1.16.0)
Requirement already satisfied: jmespath<2.0.0,>=0.7.1 in /tmp/home/amini/.local/lib/python3.10/site-packages (from boto3->deeplake) (1.0.1)
Requirement already satisfied: s3transfer<0.11.0,>=0.10.0 in /tmp/home/amini/.local/lib/python3.10/site-packages (from boto3->deeplake) (0.10.1)
Requirement already satisfied: requests in /tmp/home/amini/.local/lib/python3.10/site-packages (from humbug>=0.3.1->deeplake) (2.31.0)
Requirement already satisfied: multiprocess>=0.70.16 in /tmp/home/amini/.local/lib/python3.10/site-packages (from pathos->deeplake) (0.70.16)
Requirement already satisfied: ppft>=1.7.6.8 in /tmp/home/amini/.local/lib/python3.10/site-packages (from pathos->deeplake) (1.7.6.8)
Requirement already satisfied: pox>=0.3.4 in /tmp/home/amini/.local/lib/python3.10/site-packages (from pathos->deeplake) (0.3.4)
Requirement already satisfied: annotated-types>=0.4.0 in /tmp/home/amini/.local/lib/python3.10/site-packages (from pydantic->deeplake) (0.6.0)
Requirement already satisfied: typing-extensions>=4.6.1 in /tmp/home/amini/.local/lib/python3.10/site-packages (from pydantic->deeplake) (4.11.0)
Requirement already satisfied: pydantic-core==2.18.2 in /tmp/home/amini/.local/lib/python3.10/site-packages (from pydantic->deeplake) (2.18.2)
Requirement already satisfied: python-dateutil<3.0.0,>=2.1 in /tmp/home/amini/.local/lib/python3.10/site-packages (from botocore<1.34.70,>=1.34.41->aiobotocore[boto3]==2.12.3->aioboto3>=10.4.0->deeplake) (2.9.0.post0)
Requirement already satisfied: urllib3!=2.2.0,<3,>=1.25.4 in /tmp/home/amini/.local/lib/python3.10/site-packages (from botocore<1.34.70,>=1.34.41->aiobotocore[boto3]==2.12.3->aioboto3>=10.4.0->deeplake) (2.2.1)
Requirement already satisfied: idna<4,>=2.5 in /usr/lib/python3/dist-packages (from requests->humbug>=0.3.1->deeplake) (3.3)
Requirement already satisfied: charset-normalizer<4,>=2 in /tmp/home/amini/.local/lib/python3.10/site-packages (from requests->humbug>=0.3.1->deeplake) (3.3.2)
Requirement already satisfied: certifi>=2017.4.17 in /tmp/home/amini/.local/lib/python3.10/site-packages (from requests->humbug>=0.3.1->deeplake) (2024.2.2)
Requirement already satisfied: async-timeout<5.0,>=4.0 in /tmp/home/amini/.local/lib/python3.10/site-packages (from aiohttp<4.0.0,>=3.7.4.post0->aiobotocore[boto3]==2.12.3->aioboto3>=10.4.0->deeplake) (4.0.3)
Requirement already satisfied: multidict<7.0,>=4.5 in /tmp/home/amini/.local/lib/python3.10/site-packages (from aiohttp<4.0.0,>=3.7.4.post0->aiobotocore[boto3]==2.12.3->aioboto3>=10.4.0->deeplake) (6.0.5)
Requirement already satisfied: aiosignal>=1.1.2 in /tmp/home/amini/.local/lib/python3.10/site-packages (from aiohttp<4.0.0,>=3.7.4.post0->aiobotocore[boto3]==2.12.3->aioboto3>=10.4.0->deeplake) (1.3.1)
Requirement already satisfied: frozenlist>=1.1.1 in /tmp/home/amini/.local/lib/python3.10/site-packages (from aiohttp<4.0.0,>=3.7.4.post0->aiobotocore[boto3]==2.12.3->aioboto3>=10.4.0->deeplake) (1.4.1)
Requirement already satisfied: attrs>=17.3.0 in /usr/lib/python3/dist-packages (from aiohttp<4.0.0,>=3.7.4.post0->aiobotocore[boto3]==2.12.3->aioboto3>=10.4.0->deeplake) (21.2.0)
Requirement already satisfied: yarl<2.0,>=1.0 in /tmp/home/amini/.local/lib/python3.10/site-packages (from aiohttp<4.0.0,>=3.7.4.post0->aiobotocore[boto3]==2.12.3->aioboto3>=10.4.0->deeplake) (1.9.4)
Requirement already satisfied: six>=1.5 in /usr/lib/python3/dist-packages (from python-dateutil<3.0.0,>=2.1->botocore<1.34.70,>=1.34.41->aiobotocore[boto3]==2.12.3->aioboto3>=10.4.0->deeplake) (1.16.0)
Traceback (most recent call last):
  File "/data/scratch/amini/sadhana/2024/crypto-final-project/src/data_generation.py", line 2, in <module>
    import torch
ModuleNotFoundError: No module named 'torch'
